2025-06-16 11:42:56,593 INFO: Application startup [in /home/vvp-developer/Hexlet-tasks/Flask/hexlet-flask-example/example.py:52]
2025-06-16 11:42:57,138 INFO: Application startup [in /home/vvp-developer/Hexlet-tasks/Flask/hexlet-flask-example/example.py:52]
2025-06-16 11:43:22,566 INFO: Successfully added new user: {'id': 8, 'name': 'Vladimir', 'email': 'fff'} [in /home/vvp-developer/Hexlet-tasks/Flask/hexlet-flask-example/example.py:110]
2025-06-16 12:13:41,711 INFO: Application startup [in /home/vvp-developer/Hexlet-tasks/Flask/hexlet-flask-example/example.py:50]
2025-06-16 12:16:07,674 INFO: Application startup [in /home/vvp-developer/Hexlet-tasks/Flask/hexlet-flask-example/example.py:50]
2025-06-16 12:24:20,836 INFO: Application startup [in /home/vvp-developer/Hexlet-tasks/Flask/hexlet-flask-example/example.py:50]
2025-06-16 12:24:42,329 INFO: Successfully added new user: {'id': 9, 'name': 'fff', 'email': 'sasa@fdf'} [in /home/vvp-developer/Hexlet-tasks/Flask/hexlet-flask-example/example.py:107]
2025-06-16 12:24:42,330 ERROR: Failed to save user: The session is unavailable because no secret key was set.  Set the secret_key on the application to something unique and secret. [in /home/vvp-developer/Hexlet-tasks/Flask/hexlet-flask-example/example.py:111]
2025-06-16 12:24:47,835 WARNING: User with email sasa@fdf already exists [in /home/vvp-developer/Hexlet-tasks/Flask/hexlet-flask-example/example.py:94]
2025-06-16 12:24:57,870 WARNING: User with email sasa@fdf already exists [in /home/vvp-developer/Hexlet-tasks/Flask/hexlet-flask-example/example.py:94]
2025-06-16 12:25:38,467 INFO: Successfully added new user: {'id': 10, 'name': 'dd', 'email': 'a'} [in /home/vvp-developer/Hexlet-tasks/Flask/hexlet-flask-example/example.py:107]
2025-06-16 12:25:38,468 ERROR: Failed to save user: The session is unavailable because no secret key was set.  Set the secret_key on the application to something unique and secret. [in /home/vvp-developer/Hexlet-tasks/Flask/hexlet-flask-example/example.py:111]
2025-06-16 12:27:44,334 INFO: Application startup [in /home/vvp-developer/Hexlet-tasks/Flask/hexlet-flask-example/example.py:51]
2025-06-16 12:27:54,603 INFO: Successfully added new user: {'id': 11, 'name': 'sss', 'email': 'aas@'} [in /home/vvp-developer/Hexlet-tasks/Flask/hexlet-flask-example/example.py:108]
2025-06-16 12:30:37,226 INFO: Application startup [in /home/vvp-developer/Hexlet-tasks/Flask/hexlet-flask-example/example.py:51]
2025-06-16 12:36:48,101 INFO: Successfully added new user: {'id': 12, 'name': 'апап', 'email': 'апап'} [in /home/vvp-developer/Hexlet-tasks/Flask/hexlet-flask-example/example.py:108]
2025-06-17 13:17:31,026 INFO: Application startup [in /home/vvp-developer/Hexlet-tasks/Flask/hexlet-flask-example/example.py:51]
2025-06-17 13:17:32,120 INFO: Application startup [in /home/vvp-developer/Hexlet-tasks/Flask/hexlet-flask-example/example.py:51]
2025-06-17 17:18:44,038 INFO: Application startup [in /home/vvp-developer/Hexlet-tasks/Flask/hexlet-flask-example/example.py:51]
2025-06-17 17:19:05,103 INFO: Application startup [in /home/vvp-developer/Hexlet-tasks/Flask/hexlet-flask-example/example.py:51]
2025-06-17 17:19:28,810 INFO: Application startup [in /home/vvp-developer/Hexlet-tasks/Flask/hexlet-flask-example/example.py:51]
2025-06-17 17:41:01,775 INFO: Application startup [in /home/vvp-developer/Hexlet-tasks/Flask/hexlet-flask-example/example.py:51]
2025-06-17 17:44:37,977 INFO: Application startup [in /home/vvp-developer/Hexlet-tasks/Flask/hexlet-flask-example/example.py:35]
2025-06-17 17:56:12,858 INFO: Application startup [in /home/vvp-developer/Hexlet-tasks/Flask/hexlet-flask-example/example.py:35]
2025-06-17 18:50:34,172 INFO: Application startup [in /home/vvp-developer/Hexlet-tasks/Flask/hexlet-flask-example/example.py:35]
2025-06-17 19:08:02,756 INFO: Application startup [in /home/vvp-developer/Hexlet-tasks/Flask/hexlet-flask-example/example.py:36]
2025-06-17 19:12:24,562 INFO: Successfully added new user with ID: b46000c9-bbc2-4517-9a33-ea2cbcf14284 [in /home/vvp-developer/Hexlet-tasks/Flask/hexlet-flask-example/example.py:128]
2025-06-17 19:13:16,909 WARNING: Validation errors: ['Пользователь с таким email уже существует'] [in /home/vvp-developer/Hexlet-tasks/Flask/hexlet-flask-example/example.py:114]
2025-06-17 19:15:52,321 WARNING: Validation errors: ['Пользователь с таким email уже существует'] [in /home/vvp-developer/Hexlet-tasks/Flask/hexlet-flask-example/example.py:114]
2025-06-17 19:15:54,188 WARNING: Validation errors: ['Пользователь с таким email уже существует'] [in /home/vvp-developer/Hexlet-tasks/Flask/hexlet-flask-example/example.py:114]
2025-06-17 19:15:55,028 WARNING: Validation errors: ['Пользователь с таким email уже существует'] [in /home/vvp-developer/Hexlet-tasks/Flask/hexlet-flask-example/example.py:114]
2025-06-17 19:16:10,999 WARNING: Validation errors: ['Пользователь с таким email уже существует'] [in /home/vvp-developer/Hexlet-tasks/Flask/hexlet-flask-example/example.py:114]
2025-06-17 19:19:30,285 INFO: Successfully added new user with ID: cdd6fa6d-a434-434c-b883-ece25dc177ab [in /home/vvp-developer/Hexlet-tasks/Flask/hexlet-flask-example/example.py:128]
2025-06-17 19:29:31,554 INFO: Successfully added new user with ID: 10d83d87-e4c3-4d98-9d9f-ae7bde5b9017 [in /home/vvp-developer/Hexlet-tasks/Flask/hexlet-flask-example/example.py:128]
2025-06-18 22:24:09,290 INFO: Application startup [in /home/vvp-developer/Hexlet-tasks/Flask/hexlet-flask-example/example.py:36]
2025-06-18 22:24:09,832 INFO: Application startup [in /home/vvp-developer/Hexlet-tasks/Flask/hexlet-flask-example/example.py:36]
2025-06-18 22:24:49,286 INFO: Successfully added new user with ID: ff8ed0f0-f73d-4941-b371-8781e2770585 [in /home/vvp-developer/Hexlet-tasks/Flask/hexlet-flask-example/example.py:128]
2025-06-18 22:26:41,413 INFO: Successfully added new user with ID: 6c86cea4-1747-4939-85e4-5f47e6ebe95c [in /home/vvp-developer/Hexlet-tasks/Flask/hexlet-flask-example/example.py:128]
2025-06-18 22:46:44,428 INFO: Application startup [in /home/vvp-developer/Hexlet-tasks/Flask/hexlet-flask-example/example.py:35]
2025-06-18 23:15:46,945 INFO: Application startup [in /home/vvp-developer/Hexlet-tasks/Flask/hexlet-flask-example/example.py:35]
2025-06-18 23:17:30,582 INFO: Successfully added new user with ID: f1548e04-de56-4059-9675-8fed491cf593 [in /home/vvp-developer/Hexlet-tasks/Flask/hexlet-flask-example/example.py:115]
2025-06-19 15:16:56,329 INFO: Application startup [in /home/vvp-developer/Hexlet-tasks/Flask/hexlet-flask-example/example.py:35]
2025-06-19 15:16:57,094 INFO: Application startup [in /home/vvp-developer/Hexlet-tasks/Flask/hexlet-flask-example/example.py:35]
2025-06-19 17:36:16,613 INFO: Application startup [in /home/vvp-developer/Hexlet-tasks/Flask/hexlet-flask-example/example.py:35]
2025-06-19 17:36:16,967 INFO: Application startup [in /home/vvp-developer/Hexlet-tasks/Flask/hexlet-flask-example/example.py:35]
2025-06-19 17:39:11,275 INFO: Application startup [in /home/vvp-developer/Hexlet-tasks/Flask/hexlet-flask-example/example.py:35]
2025-06-19 17:47:49,253 INFO: Application startup [in /home/vvp-developer/Hexlet-tasks/Flask/hexlet-flask-example/example.py:35]
2025-06-19 17:48:04,767 INFO: Application startup [in /home/vvp-developer/Hexlet-tasks/Flask/hexlet-flask-example/example.py:35]
2025-06-19 17:49:18,437 INFO: Application startup [in /home/vvp-developer/Hexlet-tasks/Flask/hexlet-flask-example/example.py:35]
2025-06-19 18:01:31,369 INFO: Application startup [in /home/vvp-developer/Hexlet-tasks/Flask/hexlet-flask-example/example.py:35]
2025-06-19 18:01:32,775 INFO: Application startup [in /home/vvp-developer/Hexlet-tasks/Flask/hexlet-flask-example/example.py:35]
2025-06-19 18:08:37,637 INFO: Application startup [in /home/vvp-developer/Hexlet-tasks/Flask/hexlet-flask-example/example.py:35]
